<?xml version="1.0" encoding="UTF-8"?>
<!-- Generated by org.testng.reporters.JUnitReportReporter -->
<testsuite hostname="QT-INBG-LT0381" failures="0" tests="1" name="mob_Req.Sign_up" time="40.982" errors="0" timestamp="2022-08-02T12:21:58 IST" skipped="0">
  <testcase classname="mob_Req.Sign_up" name="Signin" time="40.982"/>
  <system-out/>
</testsuite> <!-- mob_Req.Sign_up -->
