<?xml version="1.0" encoding="UTF-8"?>
<!-- Generated by org.testng.reporters.JUnitReportReporter -->
<testsuite hostname="QT-INBG-LT0381" failures="0" tests="1" name="mob_Req.Sign_up" time="34.858" errors="0" timestamp="2022-08-02T09:15:16 IST" skipped="0">
  <testcase classname="mob_Req.Sign_up" name="signup" time="34.858"/>
  <system-out/>
</testsuite> <!-- mob_Req.Sign_up -->
