<?xml version="1.0" encoding="UTF-8"?>
<!-- Generated by org.testng.reporters.JUnitReportReporter -->
<testsuite hostname="QT-INBG-LT0381" failures="0" tests="1" name="mob_Req.order_Req" time="17.381" errors="0" timestamp="2022-08-02T11:50:23 IST" skipped="0">
  <testcase classname="mob_Req.order_Req" name="Order" time="17.381"/>
  <system-out/>
</testsuite> <!-- mob_Req.order_Req -->
