<?xml version="1.0" encoding="UTF-8"?>
<!-- Generated by org.testng.reporters.JUnitReportReporter -->
<testsuite hostname="QT-INBG-LT0381" failures="0" tests="1" name="mob_Req.Con_us" time="9.204" errors="0" timestamp="2022-08-02T15:20:25 IST" skipped="0">
  <testcase classname="mob_Req.Con_us" name="contact" time="9.204"/>
  <system-out/>
</testsuite> <!-- mob_Req.Con_us -->
