<?xml version="1.0" encoding="UTF-8"?>
<!-- Generated by org.testng.reporters.JUnitReportReporter -->
<testsuite hostname="QT-INBG-LT0381" failures="0" tests="1" name="mob_Req.sign_IN" time="9.002" errors="0" timestamp="2022-08-02T17:09:39 IST" skipped="0">
  <testcase classname="mob_Req.sign_IN" name="Signin" time="9.002"/>
  <system-out/>
</testsuite> <!-- mob_Req.sign_IN -->
